Using pre-set license
Built from '2020.3/staging' branch; Version is '2020.3.9f1 (108be757e447) revision 1084391'; Using compiler version '192528614'; Build Type 'Release'
OS: 'Windows 10 Pro; OS build 19042.928; Version 2009; 64bit' Language: 'sv' Physical Memory: 16282 MB
BatchMode: 1, IsHumanControllingUs: 0, StartBugReporterOnCrash: 0, Is64bit: 1, IsPro: 0

 COMMAND LINE ARGUMENTS:
C:\Users\Vicky\Desktop\Unity Project\2020.3.9f1\Editor\Unity.exe
-adb2
-batchMode
-noUpm
-name
AssetImportWorker0
-projectPath
C:/Users/Vicky/Documents/FindingNova/Platform Game Test
-logFile
Logs/AssetImportWorker0.log
-srvPort
51915
Successfully changed project path to: C:/Users/Vicky/Documents/FindingNova/Platform Game Test
C:/Users/Vicky/Documents/FindingNova/Platform Game Test
Using Asset Import Pipeline V2.
Refreshing native plugins compatible for Editor in 86.96 ms, found 1 plugins.
Preloading 0 native plugins for Editor in 0.00 ms.
Initialize engine version: 2020.3.9f1 (108be757e447)
[Subsystems] Discovering subsystems at path C:/Users/Vicky/Desktop/Unity Project/2020.3.9f1/Editor/Data/Resources/UnitySubsystems
[Subsystems] Discovering subsystems at path C:/Users/Vicky/Documents/FindingNova/Platform Game Test/Assets
GfxDevice: creating device client; threaded=0
Direct3D:
    Version:  Direct3D 11.0 [level 11.0]
    Renderer: NVIDIA NVS 510 (ID=0xffd)
    Vendor:   
    VRAM:     2007 MB
    Driver:   23.21.13.9263
Initialize mono
Mono path[0] = 'C:/Users/Vicky/Desktop/Unity Project/2020.3.9f1/Editor/Data/Managed'
Mono path[1] = 'C:/Users/Vicky/Desktop/Unity Project/2020.3.9f1/Editor/Data/MonoBleedingEdge/lib/mono/unityjit'
Mono config path = 'C:/Users/Vicky/Desktop/Unity Project/2020.3.9f1/Editor/Data/MonoBleedingEdge/etc'
Using monoOptions --debugger-agent=transport=dt_socket,embedding=1,server=y,suspend=n,address=127.0.0.1:56228
Begin MonoManager ReloadAssembly
Registering precompiled unity dll's ...
Register platform support module: C:/Users/Vicky/Desktop/Unity Project/2020.3.9f1/Editor/Data/PlaybackEngines/WindowsStandaloneSupport/UnityEditor.WindowsStandalone.Extensions.dll
Registered in 0.003964 seconds.
Native extension for WindowsStandalone target not found
Refreshing native plugins compatible for Editor in 83.48 ms, found 1 plugins.
Preloading 0 native plugins for Editor in 0.00 ms.
Mono: successfully reloaded assembly
- Completed reload, in  4.115 seconds
Platform modules already initialized, skipping
Registering precompiled user dll's ...
Registered in 0.001770 seconds.
Begin MonoManager ReloadAssembly
Native extension for WindowsStandalone target not found
Refreshing native plugins compatible for Editor in 81.75 ms, found 1 plugins.
Preloading 0 native plugins for Editor in 0.00 ms.
Mono: successfully reloaded assembly
- Completed reload, in  2.118 seconds
Platform modules already initialized, skipping
========================================================================
Worker process is ready to serve import requests
Launched and connected shader compiler UnityShaderCompiler.exe after 0.08 seconds
Refreshing native plugins compatible for Editor in 0.71 ms, found 1 plugins.
Preloading 0 native plugins for Editor in 0.00 ms.
Unloading 1830 Unused Serialized files (Serialized files now loaded: 0)
System memory in use before: 85.7 MB.
System memory in use after: 85.7 MB.

Unloading 24 unused Assets to reduce memory usage. Loaded Objects now: 2272.
Total: 3.767100 ms (FindLiveObjects: 0.291700 ms CreateObjectMapping: 0.158600 ms MarkObjects: 3.074500 ms  DeleteObjects: 0.240600 ms)

========================================================================
Received Import Request.
  path: Assets/Scripts/PlayerController.cs
  artifactKey: Guid(1671948b8d5447b4ca8f7957a6f8484f) Importer(815301076,1909f56bfc062723c751e8b465ee728b)
Start importing Assets/Scripts/PlayerController.cs using Guid(1671948b8d5447b4ca8f7957a6f8484f) Importer(815301076,1909f56bfc062723c751e8b465ee728b)  -> (artifact id: 'e8d4889160222e85e30372fd4a13ffce') in 0.073464 seconds
  Import took 0.079138 seconds .

========================================================================
Received Prepare
Registering precompiled user dll's ...
Registered in 0.001858 seconds.
Begin MonoManager ReloadAssembly
Native extension for WindowsStandalone target not found
Refreshing native plugins compatible for Editor in 0.69 ms, found 1 plugins.
Preloading 0 native plugins for Editor in 0.00 ms.
Mono: successfully reloaded assembly
- Completed reload, in  2.040 seconds
Platform modules already initialized, skipping
Refreshing native plugins compatible for Editor in 0.59 ms, found 1 plugins.
Preloading 0 native plugins for Editor in 0.00 ms.
Unloading 1825 Unused Serialized files (Serialized files now loaded: 0)
System memory in use before: 85.7 MB.
System memory in use after: 85.7 MB.

Unloading 12 unused Assets to reduce memory usage. Loaded Objects now: 2276.
Total: 3.976300 ms (FindLiveObjects: 0.329100 ms CreateObjectMapping: 0.194300 ms MarkObjects: 3.218400 ms  DeleteObjects: 0.232300 ms)

